Build started 2016-05-05 16:11:27.
     1>Project "C:\Users\Monty\Desktop\forcePlates\MayaPlugin\MayaPlugin\MayaPlugin.vcxproj" on node 2 (Rebuild target(s)).
     1>C:\Program Files (x86)\MSBuild\Microsoft.Cpp\v4.0\V140\Microsoft.CppClean.targets(76,5): warning : Access to the path 'c:\users\monty\desktop\forceplates\x64\debug\mayaplugin.mll' is denied.
     1>PreBuildEvent:
         python "C:\Users\Monty\Desktop\forcePlates\MayaPlugin\MayaPlugin\MayaPlugin.py" unload
         :VCEnd
         "MayaPlugin" unloaded.
       ClCompile:
         C:\Program Files (x86)\Microsoft Visual Studio 14.0\VC\bin\x86_amd64\CL.exe /c /I"C:\Program Files\Autodesk\Maya2016\include" /ZI /nologo /W3 /WX- /sdl /Od /D WIN32 /D _WIN64 /D _WINDOWS /D _USRDLL /D NT_PLUGIN /D REQUIRE_IOSTREAM /D _WINDLL /D _MBCS /Gm /EHsc /RTC1 /MDd /GS /fp:precise /Zc:wchar_t /Zc:forScope /Zc:inline /GR /Fo"x64\Debug\\" /Fd"x64\Debug\vc140.pdb" /Gd /TP /errorReport:prompt HelloWorld.cpp
         HelloWorld.cpp
       Link:
         C:\Program Files (x86)\Microsoft Visual Studio 14.0\VC\bin\x86_amd64\link.exe /ERRORREPORT:PROMPT /OUT:"C:\Users\Monty\Desktop\forcePlates\x64\Debug\MayaPlugin.mll" /INCREMENTAL /NOLOGO /LIBPATH:"C:\Program Files\Autodesk\Maya2016\lib" Foundation.lib OpenMaya.lib OpenMayaUI.lib kernel32.lib user32.lib gdi32.lib winspool.lib comdlg32.lib advapi32.lib shell32.lib ole32.lib oleaut32.lib uuid.lib odbc32.lib odbccp32.lib /MANIFEST /MANIFESTUAC:"level='asInvoker' uiAccess='false'" /manifest:embed /Debug /PDB:"C:\Users\Monty\Desktop\forcePlates\x64\Debug\MayaPlugin.pdb" /TLBID:1 /DYNAMICBASE /NXCOMPAT /IMPLIB:"C:\Users\Monty\Desktop\forcePlates\x64\Debug\MayaPlugin.lib" /MACHINE:X64 /export:initializePlugin /export:uninitializePlugin /DLL x64\Debug\HelloWorld.obj
            Creating library C:\Users\Monty\Desktop\forcePlates\x64\Debug\MayaPlugin.lib and object C:\Users\Monty\Desktop\forcePlates\x64\Debug\MayaPlugin.exp
         MayaPlugin.vcxproj -> C:\Users\Monty\Desktop\forcePlates\x64\Debug\MayaPlugin.mll
       PostBuildEvent:
         python "C:\Users\Monty\Desktop\forcePlates\MayaPlugin\MayaPlugin\MayaPlugin.py" load
         :VCEnd
         "MayaPlugin" loaded.
     1>Done Building Project "C:\Users\Monty\Desktop\forcePlates\MayaPlugin\MayaPlugin\MayaPlugin.vcxproj" (Rebuild target(s)).

Build succeeded.

Time Elapsed 00:00:02.62
